#
# There is insufficient memory for the Java Runtime Environment to continue.
# Native memory allocation (malloc) failed to allocate 310736 bytes. Error detail: Chunk::new
# Possible reasons:
#   The system is out of physical RAM or swap space
#   This process is running with CompressedOops enabled, and the Java Heap may be blocking the growth of the native heap
# Possible solutions:
#   Reduce memory load on the system
#   Increase physical memory or swap space
#   Check if swap backing store is full
#   Decrease Java heap size (-Xmx/-Xms)
#   Decrease number of Java threads
#   Decrease Java thread stack sizes (-Xss)
#   Set larger code cache with -XX:ReservedCodeCacheSize=
#   JVM is running with Unscaled Compressed Oops mode in which the Java heap is
#     placed in the first 4GB address space. The Java Heap base address is the
#     maximum limit for the native heap growth. Please use -XX:HeapBaseMinAddress
#     to set the Java Heap base and to place the Java Heap above 4GB virtual address.
# This output file may be truncated or incomplete.
#
#  Out of Memory Error (arena.cpp:168), pid=18000, tid=34296
#
# JRE version: OpenJDK Runtime Environment Temurin-21.0.9+10 (21.0.9+10) (build 21.0.9+10-LTS)
# Java VM: OpenJDK 64-Bit Server VM Temurin-21.0.9+10 (21.0.9+10-LTS, mixed mode, sharing, tiered, compressed oops, compressed class ptrs, parallel gc, windows-amd64)
# No core dump will be written. Minidumps are not enabled by default on client versions of Windows
#

---------------  S U M M A R Y ------------

Command Line: --add-modules=ALL-SYSTEM --add-opens=java.base/java.util=ALL-UNNAMED --add-opens=java.base/java.lang=ALL-UNNAMED --add-opens=java.base/sun.nio.fs=ALL-UNNAMED -Declipse.application=org.eclipse.jdt.ls.core.id1 -Dosgi.bundles.defaultStartLevel=4 -Declipse.product=org.eclipse.jdt.ls.core.product -Djava.import.generatesMetadataFilesAtProjectRoot=false -DDetectVMInstallationsJob.disabled=true -Dfile.encoding=utf8 -XX:+UseParallelGC -XX:GCTimeRatio=4 -XX:AdaptiveSizePolicyWeight=90 -Dsun.zip.disableMemoryMapping=true -Xmx2G -Xms100m -Xlog:disable -javaagent:c:\Users\isabe\.vscode\extensions\redhat.java-1.50.0-win32-x64\lombok\lombok-1.18.39-4050.jar c:\Users\isabe\.vscode\extensions\redhat.java-1.50.0-win32-x64\server\plugins\org.eclipse.equinox.launcher_1.7.100.v20251111-0406.jar -configuration c:\Users\isabe\AppData\Roaming\Code\User\globalStorage\redhat.java\1.50.0\config_ss_win -data c:\Users\isabe\AppData\Roaming\Code\User\workspaceStorage\bc0cf0d1bac61547f56c07ea28b60efe\redhat.java\ss_ws --pipe=\\.\pipe\lsp-b0ce35b5a0155872aa15dccd53f9690d-sock

Host: AMD Ryzen 5 3450U with Radeon Vega Mobile Gfx  , 8 cores, 5G,  Windows 11 , 64 bit Build 26100 (10.0.26100.6725)
Time: Sun Nov 30 16:01:51 2025 Hora oficial do Brasil elapsed time: 10.495726 seconds (0d 0h 0m 10s)

---------------  T H R E A D  ---------------

Current thread (0x000001f4bdffffe0):  JavaThread "C2 CompilerThread0" daemon [_thread_in_native, id=34296, stack(0x0000006650000000,0x0000006650100000) (1024K)]


Current CompileTask:
C2:10495 1435       4       lombok.patcher.PatchScript::classMatches (41 bytes)

Stack: [0x0000006650000000,0x0000006650100000]
Native frames: (J=compiled Java code, j=interpreted, Vv=VM code, C=native code)
V  [jvm.dll+0x6d6e29]
V  [jvm.dll+0x8b4b76]
V  [jvm.dll+0x8b712e]
V  [jvm.dll+0x8b7813]
V  [jvm.dll+0x283d86]
V  [jvm.dll+0xc66ed]
V  [jvm.dll+0xc6c31]
V  [jvm.dll+0x3be501]
V  [jvm.dll+0x38ab92]
V  [jvm.dll+0x389fda]
V  [jvm.dll+0x24bfa0]
V  [jvm.dll+0x24b580]
V  [jvm.dll+0x1cb13e]
V  [jvm.dll+0x25b29d]
V  [jvm.dll+0x25982a]
V  [jvm.dll+0x3f7ea6]
V  [jvm.dll+0x85e9ad]
V  [jvm.dll+0x6d565d]
C  [ucrtbase.dll+0x37b0]
C  [KERNEL32.DLL+0x2e8d7]
C  [ntdll.dll+0x8c53c]


---------------  P R O C E S S  ---------------

Threads class SMR info:
_java_thread_list=0x000001f51738b1d0, length=18, elements={
0x000001f4be083440, 0x000001f4be13ca30, 0x000001f4bdff5280, 0x000001f4bdff7840,
0x000001f4bdffa7a0, 0x000001f4bdffb1f0, 0x000001f4bdffbc40, 0x000001f4bdffffe0,
0x000001f517338070, 0x000001f517501d00, 0x000001f517638570, 0x000001f517c8fa10,
0x000001f517c90070, 0x000001f517d87a30, 0x000001f517d88090, 0x000001f517d889e0,
0x000001f517d89300, 0x000001f5179f2d30
}

Java Threads: ( => current thread )
  0x000001f4be083440 JavaThread "main"                              [_thread_blocked, id=7056, stack(0x000000664f600000,0x000000664f700000) (1024K)]
  0x000001f4be13ca30 JavaThread "Reference Handler"          daemon [_thread_blocked, id=30056, stack(0x000000664fa00000,0x000000664fb00000) (1024K)]
  0x000001f4bdff5280 JavaThread "Finalizer"                  daemon [_thread_blocked, id=32532, stack(0x000000664fb00000,0x000000664fc00000) (1024K)]
  0x000001f4bdff7840 JavaThread "Signal Dispatcher"          daemon [_thread_blocked, id=19544, stack(0x000000664fc00000,0x000000664fd00000) (1024K)]
  0x000001f4bdffa7a0 JavaThread "Attach Listener"            daemon [_thread_blocked, id=27644, stack(0x000000664fd00000,0x000000664fe00000) (1024K)]
  0x000001f4bdffb1f0 JavaThread "Service Thread"             daemon [_thread_blocked, id=34744, stack(0x000000664fe00000,0x000000664ff00000) (1024K)]
  0x000001f4bdffbc40 JavaThread "Monitor Deflation Thread"   daemon [_thread_blocked, id=18020, stack(0x000000664ff00000,0x0000006650000000) (1024K)]
=>0x000001f4bdffffe0 JavaThread "C2 CompilerThread0"         daemon [_thread_in_native, id=34296, stack(0x0000006650000000,0x0000006650100000) (1024K)]
  0x000001f517338070 JavaThread "C1 CompilerThread0"         daemon [_thread_blocked, id=27884, stack(0x0000006650100000,0x0000006650200000) (1024K)]
  0x000001f517501d00 JavaThread "Common-Cleaner"             daemon [_thread_blocked, id=32380, stack(0x0000006650200000,0x0000006650300000) (1024K)]
  0x000001f517638570 JavaThread "Notification Thread"        daemon [_thread_blocked, id=1252, stack(0x0000006650300000,0x0000006650400000) (1024K)]
  0x000001f517c8fa10 JavaThread "Equinox resolver thread - Equinox Container: ad47639f-12b9-43f5-ab48-4fc78284d551" daemon [_thread_blocked, id=4496, stack(0x0000006650a00000,0x0000006650b00000) (1024K)]
  0x000001f517c90070 JavaThread "Equinox resolver thread - Equinox Container: ad47639f-12b9-43f5-ab48-4fc78284d551" daemon [_thread_blocked, id=34784, stack(0x0000006650b00000,0x0000006650c00000) (1024K)]
  0x000001f517d87a30 JavaThread "Equinox resolver thread - Equinox Container: ad47639f-12b9-43f5-ab48-4fc78284d551" daemon [_thread_blocked, id=23056, stack(0x0000006650c00000,0x0000006650d00000) (1024K)]
  0x000001f517d88090 JavaThread "Equinox resolver thread - Equinox Container: ad47639f-12b9-43f5-ab48-4fc78284d551" daemon [_thread_blocked, id=32668, stack(0x0000006650d00000,0x0000006650e00000) (1024K)]
  0x000001f517d889e0 JavaThread "Equinox resolver thread - Equinox Container: ad47639f-12b9-43f5-ab48-4fc78284d551" daemon [_thread_blocked, id=34472, stack(0x0000006650e00000,0x0000006650f00000) (1024K)]
  0x000001f517d89300 JavaThread "Equinox resolver thread - Equinox Container: ad47639f-12b9-43f5-ab48-4fc78284d551" daemon [_thread_blocked, id=16000, stack(0x0000006650f00000,0x0000006651000000) (1024K)]
  0x000001f5179f2d30 JavaThread "Active Thread: Equinox Container: ad47639f-12b9-43f5-ab48-4fc78284d551"        [_thread_blocked, id=28936, stack(0x0000006651000000,0x0000006651100000) (1024K)]
Total: 18

Other Threads:
  0x000001f4be11f290 VMThread "VM Thread"                           [id=31748, stack(0x000000664f900000,0x000000664fa00000) (1024K)] _threads_hazard_ptr=0x000001f51738b1d0
  0x000001f4bdf0ca00 WatcherThread "VM Periodic Task Thread"        [id=11368, stack(0x000000664f800000,0x000000664f900000) (1024K)]
  0x000001f4be0a2090 WorkerThread "GC Thread#0"                     [id=34768, stack(0x000000664f700000,0x000000664f800000) (1024K)]
  0x000001f517751d90 WorkerThread "GC Thread#1"                     [id=21172, stack(0x0000006650400000,0x0000006650500000) (1024K)]
  0x000001f517752130 WorkerThread "GC Thread#2"                     [id=32316, stack(0x0000006650500000,0x0000006650600000) (1024K)]
  0x000001f5177566e0 WorkerThread "GC Thread#3"                     [id=31812, stack(0x0000006650600000,0x0000006650700000) (1024K)]
  0x000001f517bab280 WorkerThread "GC Thread#4"                     [id=34424, stack(0x0000006650700000,0x0000006650800000) (1024K)]
  0x000001f517bab620 WorkerThread "GC Thread#5"                     [id=32008, stack(0x0000006650800000,0x0000006650900000) (1024K)]
  0x000001f517babdc0 WorkerThread "GC Thread#6"                     [id=28528, stack(0x0000006650900000,0x0000006650a00000) (1024K)]
Total: 9

Threads with active compile tasks:
C2 CompilerThread0  11856 1435       4       lombok.patcher.PatchScript::classMatches (41 bytes)
Total: 1

VM state: not at safepoint (normal execution)

VM Mutex/Monitor currently owned by a thread: None

Heap address: 0x0000000080000000, size: 2048 MB, Compressed Oops mode: 32-bit

CDS archive(s) mapped at: [0x000001f4d5000000-0x000001f4d5ba0000-0x000001f4d5ba0000), size 12189696, SharedBaseAddress: 0x000001f4d5000000, ArchiveRelocationMode: 1.
Compressed class space mapped at: 0x000001f4d6000000-0x000001f516000000, reserved size: 1073741824
Narrow klass base: 0x000001f4d5000000, Narrow klass shift: 0, Narrow klass range: 0x100000000

GC Precious Log:
 CardTable entry size: 512
 CPUs: 8 total, 8 available
 Memory: 6030M
 Large Page Support: Disabled
 NUMA Support: Disabled
 Compressed Oops: Enabled (32-bit)
 Alignments: Space 512K, Generation 512K, Heap 2M
 Heap Min Capacity: 100M
 Heap Initial Capacity: 100M
 Heap Max Capacity: 2G
 Pre-touch: Disabled
 Parallel Workers: 8

Heap:
 PSYoungGen      total 29696K, used 23683K [0x00000000d5580000, 0x00000000d7680000, 0x0000000100000000)
  eden space 25600K, 79% used [0x00000000d5580000,0x00000000d6972df0,0x00000000d6e80000)
  from space 4096K, 79% used [0x00000000d6e80000,0x00000000d71ade88,0x00000000d7280000)
  to   space 4096K, 0% used [0x00000000d7280000,0x00000000d7280000,0x00000000d7680000)
 ParOldGen       total 68608K, used 16K [0x0000000080000000, 0x0000000084300000, 0x00000000d5580000)
  object space 68608K, 0% used [0x0000000080000000,0x0000000080004000,0x0000000084300000)
 Metaspace       used 7712K, committed 7936K, reserved 1114112K
  class space    used 806K, committed 896K, reserved 1048576K

Card table byte_map: [0x000001f4bda20000,0x000001f4bde30000] _byte_map_base: 0x000001f4bd620000

Marking Bits: (ParMarkBitMap*) 0x00007ffd51ad2460
 Begin Bits: [0x000001f4d0530000, 0x000001f4d2530000)
 End Bits:   [0x000001f4d2530000, 0x000001f4d4530000)

Polling page: 0x000001f4bc070000

Metaspace:

Usage:
  Non-class:      6.74 MB used.
      Class:    806.36 KB used.
       Both:      7.53 MB used.

Virtual space:
  Non-class space:       64.00 MB reserved,       6.88 MB ( 11%) committed,  1 nodes.
      Class space:        1.00 GB reserved,     896.00 KB ( <1%) committed,  1 nodes.
             Both:        1.06 GB reserved,       7.75 MB ( <1%) committed. 

Chunk freelists:
   Non-Class:  9.05 MB
       Class:  14.95 MB
        Both:  24.00 MB

MaxMetaspaceSize: unlimited
CompressedClassSpaceSize: 1.00 GB
Initial GC threshold: 21.00 MB
Current GC threshold: 21.00 MB
CDS: on
 - commit_granule_bytes: 65536.
 - commit_granule_words: 8192.
 - virtual_space_node_default_size: 8388608.
 - enlarge_chunks_in_place: 1.
 - use_allocation_guard: 0.


Internal statistics:

num_allocs_failed_limit: 0.
num_arena_births: 206.
num_arena_deaths: 0.
num_vsnodes_births: 2.
num_vsnodes_deaths: 0.
num_space_committed: 124.
num_space_uncommitted: 0.
num_chunks_returned_to_freelist: 0.
num_chunks_taken_from_freelist: 372.
num_chunk_merges: 0.
num_chunk_splits: 245.
num_chunks_enlarged: 166.
num_inconsistent_stats: 0.

CodeHeap 'non-profiled nmethods': size=120000Kb used=579Kb max_used=579Kb free=119420Kb
 bounds [0x000001f4c8d50000, 0x000001f4c8fc0000, 0x000001f4d0280000]
CodeHeap 'profiled nmethods': size=120000Kb used=2756Kb max_used=2756Kb free=117243Kb
 bounds [0x000001f4c1280000, 0x000001f4c1540000, 0x000001f4c87b0000]
CodeHeap 'non-nmethods': size=5760Kb used=1210Kb max_used=1228Kb free=4549Kb
 bounds [0x000001f4c87b0000, 0x000001f4c8a20000, 0x000001f4c8d50000]
CodeCache: size=245760Kb, used=4545Kb, max_used=4563Kb, free=241212Kb
 total_blobs=2022, nmethods=1546, adapters=383, full_count=0
Compilation: enabled, stopped_count=0, restarted_count=0

Compilation events (20 events):
Event: 8.066 Thread 0x000001f517338070 1469       3       java.util.zip.ZipFile$ZipFileInflaterInputStream::<init> (41 bytes)
Event: 8.066 Thread 0x000001f517338070 nmethod 1469 0x000001f4c1502a90 code [0x000001f4c1502c60, 0x000001f4c1503000]
Event: 8.066 Thread 0x000001f517338070 1470       3       java.util.zip.InflaterInputStream::<init> (70 bytes)
Event: 8.066 Thread 0x000001f517338070 nmethod 1470 0x000001f4c1503190 code [0x000001f4c1503380, 0x000001f4c1503970]
Event: 8.067 Thread 0x000001f517338070 1471   !   3       java.util.zip.ZipFile$ZipFileInflaterInputStream::close (67 bytes)
Event: 8.067 Thread 0x000001f517338070 nmethod 1471 0x000001f4c1503b90 code [0x000001f4c1503de0, 0x000001f4c1504630]
Event: 8.067 Thread 0x000001f517338070 1472       3       java.util.zip.InflaterInputStream::close (34 bytes)
Event: 8.068 Thread 0x000001f517338070 nmethod 1472 0x000001f4c1504a10 code [0x000001f4c1504be0, 0x000001f4c1504e80]
Event: 8.068 Thread 0x000001f517338070 1473       3       java.util.zip.ZipFile$InflaterCleanupAction::run (12 bytes)
Event: 8.068 Thread 0x000001f517338070 nmethod 1473 0x000001f4c1504f90 code [0x000001f4c1505140, 0x000001f4c15052a0]
Event: 10.137 Thread 0x000001f517338070 1474       3       org.apache.felix.resolver.util.OpenHashMap::mix (13 bytes)
Event: 10.137 Thread 0x000001f517338070 nmethod 1474 0x000001f4c1505390 code [0x000001f4c1505520, 0x000001f4c1505620]
Event: 10.137 Thread 0x000001f517338070 1475       3       org.apache.felix.resolver.util.OpenHashMap::getOrCompute (253 bytes)
Event: 10.138 Thread 0x000001f517338070 nmethod 1475 0x000001f4c1505690 code [0x000001f4c1505920, 0x000001f4c15066a0]
Event: 10.138 Thread 0x000001f517338070 1476       3       org.apache.felix.resolver.Candidates$1::compute (9 bytes)
Event: 10.138 Thread 0x000001f517338070 nmethod 1476 0x000001f4c1506b90 code [0x000001f4c1506d60, 0x000001f4c1507070]
Event: 10.138 Thread 0x000001f517338070 1478       3       java.lang.invoke.MethodHandles$Lookup::checkSecurityManager (97 bytes)
Event: 10.138 Thread 0x000001f517338070 nmethod 1478 0x000001f4c1507190 code [0x000001f4c1507380, 0x000001f4c1507878]
Event: 10.139 Thread 0x000001f517338070 1480       3       java.lang.invoke.DirectMethodHandle::preparedLambdaForm (6 bytes)
Event: 10.139 Thread 0x000001f517338070 nmethod 1480 0x000001f4c1507a90 code [0x000001f4c1507c40, 0x000001f4c1507d60]

GC Heap History (2 events):
Event: 6.515 GC heap before
{Heap before GC invocations=1 (full 0):
 PSYoungGen      total 29696K, used 25600K [0x00000000d5580000, 0x00000000d7680000, 0x0000000100000000)
  eden space 25600K, 100% used [0x00000000d5580000,0x00000000d6e80000,0x00000000d6e80000)
  from space 4096K, 0% used [0x00000000d7280000,0x00000000d7280000,0x00000000d7680000)
  to   space 4096K, 0% used [0x00000000d6e80000,0x00000000d6e80000,0x00000000d7280000)
 ParOldGen       total 68608K, used 0K [0x0000000080000000, 0x0000000084300000, 0x00000000d5580000)
  object space 68608K, 0% used [0x0000000080000000,0x0000000080000000,0x0000000084300000)
 Metaspace       used 4499K, committed 4736K, reserved 1114112K
  class space    used 492K, committed 576K, reserved 1048576K
}
Event: 6.526 GC heap after
{Heap after GC invocations=1 (full 0):
 PSYoungGen      total 29696K, used 3255K [0x00000000d5580000, 0x00000000d7680000, 0x0000000100000000)
  eden space 25600K, 0% used [0x00000000d5580000,0x00000000d5580000,0x00000000d6e80000)
  from space 4096K, 79% used [0x00000000d6e80000,0x00000000d71ade88,0x00000000d7280000)
  to   space 4096K, 0% used [0x00000000d7280000,0x00000000d7280000,0x00000000d7680000)
 ParOldGen       total 68608K, used 16K [0x0000000080000000, 0x0000000084300000, 0x00000000d5580000)
  object space 68608K, 0% used [0x0000000080000000,0x0000000080004000,0x0000000084300000)
 Metaspace       used 4499K, committed 4736K, reserved 1114112K
  class space    used 492K, committed 576K, reserved 1048576K
}

Dll operation events (8 events):
Event: 0.119 Loaded shared library c:\Users\isabe\.vscode\extensions\redhat.java-1.50.0-win32-x64\jre\21.0.9-win32-x86_64\bin\java.dll
Event: 0.765 Loaded shared library c:\Users\isabe\.vscode\extensions\redhat.java-1.50.0-win32-x64\jre\21.0.9-win32-x86_64\bin\zip.dll
Event: 0.908 Loaded shared library C:\Users\isabe\.vscode\extensions\redhat.java-1.50.0-win32-x64\jre\21.0.9-win32-x86_64\bin\instrument.dll
Event: 0.947 Loaded shared library C:\Users\isabe\.vscode\extensions\redhat.java-1.50.0-win32-x64\jre\21.0.9-win32-x86_64\bin\net.dll
Event: 0.959 Loaded shared library C:\Users\isabe\.vscode\extensions\redhat.java-1.50.0-win32-x64\jre\21.0.9-win32-x86_64\bin\nio.dll
Event: 0.970 Loaded shared library C:\Users\isabe\.vscode\extensions\redhat.java-1.50.0-win32-x64\jre\21.0.9-win32-x86_64\bin\zip.dll
Event: 1.088 Loaded shared library C:\Users\isabe\.vscode\extensions\redhat.java-1.50.0-win32-x64\jre\21.0.9-win32-x86_64\bin\jimage.dll
Event: 1.639 Loaded shared library c:\Users\isabe\.vscode\extensions\redhat.java-1.50.0-win32-x64\jre\21.0.9-win32-x86_64\bin\verify.dll

Deoptimization events (20 events):
Event: 6.997 Thread 0x000001f4be083440 Uncommon trap: trap_request=0xffffff45 fr.pc=0x000001f4c8d9bcb4 relative=0x0000000000000f14
Event: 6.997 Thread 0x000001f4be083440 Uncommon trap: reason=unstable_if action=reinterpret pc=0x000001f4c8d9bcb4 method=lombok.patcher.PatchScript.classMatches(Ljava/lang/String;Ljava/util/Collection;)Z @ 25 c2
Event: 6.997 Thread 0x000001f4be083440 DEOPT PACKING pc=0x000001f4c8d9bcb4 sp=0x000000664f6f9110
Event: 6.997 Thread 0x000001f4be083440 DEOPT UNPACKING pc=0x000001f4c8803aa2 sp=0x000000664f6f90d0 mode 2
Event: 6.997 Thread 0x000001f4be083440 Uncommon trap: trap_request=0xffffff45 fr.pc=0x000001f4c8d9ff28 relative=0x0000000000000088
Event: 6.997 Thread 0x000001f4be083440 Uncommon trap: reason=unstable_if action=reinterpret pc=0x000001f4c8d9ff28 method=lombok.patcher.scripts.MethodLevelPatchScript.patch(Ljava/lang/String;[BLlombok/patcher/TransplantMapper;)[B @ 8 c2
Event: 6.997 Thread 0x000001f4be083440 DEOPT PACKING pc=0x000001f4c8d9ff28 sp=0x000000664f6f9180
Event: 6.997 Thread 0x000001f4be083440 DEOPT UNPACKING pc=0x000001f4c8803aa2 sp=0x000000664f6f9130 mode 2
Event: 7.208 Thread 0x000001f4be083440 Uncommon trap: trap_request=0xffffffc6 fr.pc=0x000001f4c8d8ced0 relative=0x0000000000000290
Event: 7.208 Thread 0x000001f4be083440 Uncommon trap: reason=bimorphic_or_optimized_type_check action=maybe_recompile pc=0x000001f4c8d8ced0 method=java.util.Collections$UnmodifiableCollection$1.next()Ljava/lang/Object; @ 4 c2
Event: 7.208 Thread 0x000001f4be083440 DEOPT PACKING pc=0x000001f4c8d8ced0 sp=0x000000664f6f8bf0
Event: 7.208 Thread 0x000001f4be083440 DEOPT UNPACKING pc=0x000001f4c8803aa2 sp=0x000000664f6f8ba0 mode 2
Event: 7.208 Thread 0x000001f4be083440 Uncommon trap: trap_request=0xffffffc6 fr.pc=0x000001f4c8d8ced0 relative=0x0000000000000290
Event: 7.208 Thread 0x000001f4be083440 Uncommon trap: reason=bimorphic_or_optimized_type_check action=maybe_recompile pc=0x000001f4c8d8ced0 method=java.util.Collections$UnmodifiableCollection$1.next()Ljava/lang/Object; @ 4 c2
Event: 7.208 Thread 0x000001f4be083440 DEOPT PACKING pc=0x000001f4c8d8ced0 sp=0x000000664f6f8bf0
Event: 7.208 Thread 0x000001f4be083440 DEOPT UNPACKING pc=0x000001f4c8803aa2 sp=0x000000664f6f8ba0 mode 2
Event: 7.977 Thread 0x000001f4be083440 Uncommon trap: trap_request=0xffffff45 fr.pc=0x000001f4c8da4020 relative=0x00000000000004a0
Event: 7.977 Thread 0x000001f4be083440 Uncommon trap: reason=unstable_if action=reinterpret pc=0x000001f4c8da4020 method=java.util.HashMap$HashIterator.<init>(Ljava/util/HashMap;)V @ 45 c2
Event: 7.977 Thread 0x000001f4be083440 DEOPT PACKING pc=0x000001f4c8da4020 sp=0x000000664f6febf0
Event: 7.977 Thread 0x000001f4be083440 DEOPT UNPACKING pc=0x000001f4c8803aa2 sp=0x000000664f6fea60 mode 2

Classes loaded (20 events):
Event: 7.927 Loading class java/util/Collections$UnmodifiableMap$UnmodifiableEntrySet$UnmodifiableEntry done
Event: 7.943 Loading class java/util/concurrent/RejectedExecutionException
Event: 7.943 Loading class java/util/concurrent/RejectedExecutionException done
Event: 7.978 Loading class java/util/LinkedList
Event: 7.979 Loading class java/util/AbstractSequentialList
Event: 7.979 Loading class java/util/AbstractSequentialList done
Event: 7.979 Loading class java/util/LinkedList done
Event: 7.980 Loading class java/util/LinkedList$Node
Event: 7.980 Loading class java/util/LinkedList$Node done
Event: 7.980 Loading class java/util/LinkedList$ListItr
Event: 7.980 Loading class java/util/LinkedList$ListItr done
Event: 7.991 Loading class java/util/concurrent/CancellationException
Event: 7.991 Loading class java/util/concurrent/CancellationException done
Event: 8.008 Loading class java/lang/CloneNotSupportedException
Event: 8.009 Loading class java/lang/CloneNotSupportedException done
Event: 8.071 Loading class java/util/ArrayList$SubList$1
Event: 10.136 Loading class java/util/ArrayList$SubList$1 done
Event: 10.144 Loading class java/util/concurrent/ExecutionException
Event: 10.144 Loading class java/util/concurrent/ExecutionException done
Event: 10.144 Loading class java/util/concurrent/ConcurrentLinkedQueue

Classes unloaded (0 events):
No events

Classes redefined (0 events):
No events

Internal exceptions (20 events):
Event: 3.437 Thread 0x000001f4be083440 Exception <a 'java/io/FileNotFoundException'{0x00000000d64c2cd0}> (0x00000000d64c2cd0) 
thrown [s\src\hotspot\share\prims\jni.cpp, line 520]
Event: 3.449 Thread 0x000001f4be083440 Implicit null exception at 0x000001f4c8d85424 to 0x000001f4c8d859b8
Event: 3.460 Thread 0x000001f4be083440 Exception <a 'java/io/FileNotFoundException'{0x00000000d64fc268}> (0x00000000d64fc268) 
thrown [s\src\hotspot\share\prims\jni.cpp, line 520]
Event: 3.490 Thread 0x000001f4be083440 Exception <a 'java/lang/NoSuchMethodError'{0x00000000d6534550}: 'java.lang.Object java.lang.invoke.DirectMethodHandle$Holder.invokeInterface(java.lang.Object, java.lang.Object)'> (0x00000000d6534550) 
thrown [s\src\hotspot\share\interpreter\linkResolver.cpp, line 773]
Event: 3.508 Thread 0x000001f4be083440 Exception <a 'java/lang/NoSuchMethodError'{0x00000000d6547ae0}: 'java.lang.Object java.lang.invoke.Invokers$Holder.invokeExact_MT(java.lang.Object, java.lang.Object, java.lang.Object, java.lang.Object, java.lang.Object, java.lang.Object)'> (0x00000000d6547ae0) 
thrown [s\src\hotspot\share\interpreter\linkResolver.cpp, line 773]
Event: 3.520 Thread 0x000001f4be083440 Exception <a 'java/lang/NoSuchMethodError'{0x00000000d655ebb8}: 'int java.lang.invoke.DirectMethodHandle$Holder.invokeStatic(java.lang.Object, java.lang.Object, java.lang.Object, java.lang.Object, java.lang.Object)'> (0x00000000d655ebb8) 
thrown [s\src\hotspot\share\interpreter\linkResolver.cpp, line 773]
Event: 3.589 Thread 0x000001f4be083440 Exception <a 'java/lang/NoSuchMethodError'{0x00000000d65f2318}: 'java.lang.Object java.lang.invoke.DirectMethodHandle$Holder.invokeInterface(java.lang.Object, java.lang.Object, int)'> (0x00000000d65f2318) 
thrown [s\src\hotspot\share\interpreter\linkResolver.cpp, line 773]
Event: 3.643 Thread 0x000001f4be083440 Exception <a 'sun/nio/fs/WindowsException'{0x00000000d6638f78}> (0x00000000d6638f78) 
thrown [s\src\hotspot\share\prims\jni.cpp, line 520]
Event: 3.645 Thread 0x000001f4be083440 Exception <a 'sun/nio/fs/WindowsException'{0x00000000d663e320}> (0x00000000d663e320) 
thrown [s\src\hotspot\share\prims\jni.cpp, line 520]
Event: 5.449 Thread 0x000001f4be083440 Exception <a 'java/lang/NoSuchMethodError'{0x00000000d6aa3da8}: 'java.lang.ClassLoader java.lang.ClassLoader.getPlatformClassLoader(java.lang.Class)'> (0x00000000d6aa3da8) 
thrown [s\src\hotspot\share\interpreter\linkResolver.cpp, line 773]
Event: 6.537 Thread 0x000001f4be083440 Exception <a 'java/lang/ClassNotFoundException'{0x00000000d55bf5e8}: sun/net/www/protocol/c/Handler> (0x00000000d55bf5e8) 
thrown [s\src\hotspot\share\classfile\systemDictionary.cpp, line 312]
Event: 6.538 Thread 0x000001f4be083440 Exception <a 'java/lang/ClassNotFoundException'{0x00000000d55c09b8}: sun/net/www/protocol/c/Handler> (0x00000000d55c09b8) 
thrown [s\src\hotspot\share\classfile\systemDictionary.cpp, line 312]
Event: 6.538 Thread 0x000001f4be083440 Exception <a 'java/lang/ClassNotFoundException'{0x00000000d55c1bf0}: sun/net/www/protocol/c/Handler> (0x00000000d55c1bf0) 
thrown [s\src\hotspot\share\classfile\systemDictionary.cpp, line 312]
Event: 6.554 Thread 0x000001f4be083440 Exception <a 'java/io/FileNotFoundException'{0x00000000d55e6540}> (0x00000000d55e6540) 
thrown [s\src\hotspot\share\prims\jni.cpp, line 520]
Event: 6.612 Thread 0x000001f4be083440 Implicit null exception at 0x000001f4c8db5129 to 0x000001f4c8db5c10
Event: 6.612 Thread 0x000001f4be083440 Implicit null exception at 0x000001f4c8dbbe9a to 0x000001f4c8dbc0a0
Event: 6.613 Thread 0x000001f4be083440 Exception <a 'java/lang/NoSuchMethodError'{0x00000000d5716f40}: 'void java.lang.invoke.DirectMethodHandle$Holder.invokeStatic(java.lang.Object, java.lang.Object, java.lang.Object, java.lang.Object)'> (0x00000000d5716f40) 
thrown [s\src\hotspot\share\interpreter\linkResolver.cpp, line 773]
Event: 6.615 Thread 0x000001f4be083440 Implicit null exception at 0x000001f4c8db3c1a to 0x000001f4c8db3e24
Event: 6.615 Thread 0x000001f4be083440 Implicit null exception at 0x000001f4c8daacbd to 0x000001f4c8daad41
Event: 6.877 Thread 0x000001f4be083440 Exception <a 'java/lang/NoSuchMethodError'{0x00000000d5b53ac0}: 'int java.lang.invoke.DirectMethodHandle$Holder.invokeVirtual(java.lang.Object, java.lang.Object)'> (0x00000000d5b53ac0) 
thrown [s\src\hotspot\share\interpreter\linkResolver.cpp, line 773]

ZGC Phase Switch (0 events):
No events

VM Operations (20 events):
Event: 3.181 Executing VM operation: Cleanup
Event: 3.181 Executing VM operation: Cleanup done
Event: 3.261 Executing VM operation: HandshakeAllThreads (Deoptimize)
Event: 3.261 Executing VM operation: HandshakeAllThreads (Deoptimize) done
Event: 3.345 Executing VM operation: HandshakeAllThreads (Deoptimize)
Event: 3.345 Executing VM operation: HandshakeAllThreads (Deoptimize) done
Event: 4.358 Executing VM operation: Cleanup
Event: 4.358 Executing VM operation: Cleanup done
Event: 5.362 Executing VM operation: Cleanup
Event: 5.362 Executing VM operation: Cleanup done
Event: 6.374 Executing VM operation: Cleanup
Event: 6.374 Executing VM operation: Cleanup done
Event: 6.500 Executing VM operation: HandshakeAllThreads (Deoptimize)
Event: 6.500 Executing VM operation: HandshakeAllThreads (Deoptimize) done
Event: 6.515 Executing VM operation: ParallelGCFailedAllocation (Allocation Failure)
Event: 6.526 Executing VM operation: ParallelGCFailedAllocation (Allocation Failure) done
Event: 7.530 Executing VM operation: Cleanup
Event: 7.530 Executing VM operation: Cleanup done
Event: 8.535 Executing VM operation: Cleanup
Event: 10.136 Executing VM operation: Cleanup done

Memory protections (0 events):
No events

Nmethod flushes (0 events):
No events

Events (11 events):
Event: 0.328 Thread 0x000001f4be083440 Thread added: 0x000001f4be083440
Event: 0.522 Thread 0x000001f4be083440 Thread added: 0x000001f4be13ca30
Event: 0.523 Thread 0x000001f4be083440 Thread added: 0x000001f4bdff5280
Event: 0.525 Thread 0x000001f4be083440 Thread added: 0x000001f4bdff7840
Event: 0.526 Thread 0x000001f4be083440 Thread added: 0x000001f4bdffa7a0
Event: 0.527 Thread 0x000001f4be083440 Thread added: 0x000001f4bdffb1f0
Event: 0.528 Thread 0x000001f4be083440 Thread added: 0x000001f4bdffbc40
Event: 0.528 Thread 0x000001f4be083440 Thread added: 0x000001f4bdffffe0
Event: 0.533 Thread 0x000001f4be083440 Thread added: 0x000001f517338070
Event: 0.914 Thread 0x000001f4be083440 Thread added: 0x000001f517501d00
Event: 2.478 Thread 0x000001f4be083440 Thread added: 0x000001f517638570


Dynamic libraries:
0x00007ff6f6190000 - 0x00007ff6f619e000 	c:\Users\isabe\.vscode\extensions\redhat.java-1.50.0-win32-x64\jre\21.0.9-win32-x86_64\bin\java.exe
0x00007ffe0b080000 - 0x00007ffe0b2e8000 	C:\WINDOWS\SYSTEM32\ntdll.dll
0x00007ffe0a620000 - 0x00007ffe0a6e9000 	C:\WINDOWS\System32\KERNEL32.DLL
0x00007ffe08550000 - 0x00007ffe08942000 	C:\WINDOWS\System32\KERNELBASE.dll
0x00007ffe08ad0000 - 0x00007ffe08c1b000 	C:\WINDOWS\System32\ucrtbase.dll
0x00007ffdf7900000 - 0x00007ffdf791e000 	c:\Users\isabe\.vscode\extensions\redhat.java-1.50.0-win32-x64\jre\21.0.9-win32-x86_64\bin\VCRUNTIME140.dll
0x00007ffdea240000 - 0x00007ffdea258000 	c:\Users\isabe\.vscode\extensions\redhat.java-1.50.0-win32-x64\jre\21.0.9-win32-x86_64\bin\jli.dll
0x00007ffe08e50000 - 0x00007ffe09015000 	C:\WINDOWS\System32\USER32.dll
0x00007ffe08360000 - 0x00007ffe08387000 	C:\WINDOWS\System32\win32u.dll
0x00007ffdf6330000 - 0x00007ffdf65c3000 	C:\WINDOWS\WinSxS\amd64_microsoft.windows.common-controls_6595b64144ccf1df_6.0.26100.6899_none_3e0efeeae32e88c1\COMCTL32.dll
0x00007ffe0a9a0000 - 0x00007ffe0a9cb000 	C:\WINDOWS\System32\GDI32.dll
0x00007ffe08420000 - 0x00007ffe0854d000 	C:\WINDOWS\System32\gdi32full.dll
0x00007ffe08210000 - 0x00007ffe082b3000 	C:\WINDOWS\System32\msvcp_win.dll
0x00007ffe095d0000 - 0x00007ffe09679000 	C:\WINDOWS\System32\msvcrt.dll
0x00007ffe0a8d0000 - 0x00007ffe0a8ff000 	C:\WINDOWS\System32\IMM32.DLL
0x00007ffdf89d0000 - 0x00007ffdf89dc000 	c:\Users\isabe\.vscode\extensions\redhat.java-1.50.0-win32-x64\jre\21.0.9-win32-x86_64\bin\vcruntime140_1.dll
0x00007ffdbf210000 - 0x00007ffdbf29d000 	c:\Users\isabe\.vscode\extensions\redhat.java-1.50.0-win32-x64\jre\21.0.9-win32-x86_64\bin\msvcp140.dll
0x00007ffd50e10000 - 0x00007ffd51bb0000 	c:\Users\isabe\.vscode\extensions\redhat.java-1.50.0-win32-x64\jre\21.0.9-win32-x86_64\bin\server\jvm.dll
0x00007ffe0a260000 - 0x00007ffe0a314000 	C:\WINDOWS\System32\ADVAPI32.dll
0x00007ffe09020000 - 0x00007ffe090c6000 	C:\WINDOWS\System32\sechost.dll
0x00007ffe09310000 - 0x00007ffe09428000 	C:\WINDOWS\System32\RPCRT4.dll
0x00007ffe0a340000 - 0x00007ffe0a3b4000 	C:\WINDOWS\System32\WS2_32.dll
0x00007ffe08070000 - 0x00007ffe080ce000 	C:\WINDOWS\SYSTEM32\POWRPROF.dll
0x00007ffe05c30000 - 0x00007ffe05c65000 	C:\WINDOWS\SYSTEM32\WINMM.dll
0x00007ffdfee50000 - 0x00007ffdfee5b000 	C:\WINDOWS\SYSTEM32\VERSION.dll
0x00007ffe08050000 - 0x00007ffe08064000 	C:\WINDOWS\SYSTEM32\UMPDC.dll
0x00007ffe06fb0000 - 0x00007ffe06fcb000 	C:\WINDOWS\SYSTEM32\kernel.appcore.dll
0x00007ffdf7c70000 - 0x00007ffdf7c7a000 	c:\Users\isabe\.vscode\extensions\redhat.java-1.50.0-win32-x64\jre\21.0.9-win32-x86_64\bin\jimage.dll
0x00007ffe057e0000 - 0x00007ffe05a22000 	C:\WINDOWS\SYSTEM32\DBGHELP.DLL
0x00007ffe0a9d0000 - 0x00007ffe0ad4b000 	C:\WINDOWS\System32\combase.dll
0x00007ffe094f0000 - 0x00007ffe095c7000 	C:\WINDOWS\System32\OLEAUT32.dll
0x00007ffe05bf0000 - 0x00007ffe05c2c000 	C:\WINDOWS\SYSTEM32\dbgcore.DLL
0x00007ffe082c0000 - 0x00007ffe08358000 	C:\WINDOWS\System32\bcryptPrimitives.dll
0x00007ffdf7bf0000 - 0x00007ffdf7bff000 	c:\Users\isabe\.vscode\extensions\redhat.java-1.50.0-win32-x64\jre\21.0.9-win32-x86_64\bin\instrument.dll
0x00007ffde4c50000 - 0x00007ffde4c70000 	c:\Users\isabe\.vscode\extensions\redhat.java-1.50.0-win32-x64\jre\21.0.9-win32-x86_64\bin\java.dll
0x00007ffe09b10000 - 0x00007ffe0a25d000 	C:\WINDOWS\System32\SHELL32.dll
0x00007ffe08c20000 - 0x00007ffe08d8b000 	C:\WINDOWS\System32\wintypes.dll
0x00007ffe05e70000 - 0x00007ffe066cd000 	C:\WINDOWS\SYSTEM32\windows.storage.dll
0x00007ffe090d0000 - 0x00007ffe091c2000 	C:\WINDOWS\System32\SHCORE.dll
0x00007ffe0afc0000 - 0x00007ffe0b022000 	C:\WINDOWS\System32\shlwapi.dll
0x00007ffe08100000 - 0x00007ffe08129000 	C:\WINDOWS\SYSTEM32\profapi.dll
0x00007ffddfa30000 - 0x00007ffddfa48000 	c:\Users\isabe\.vscode\extensions\redhat.java-1.50.0-win32-x64\jre\21.0.9-win32-x86_64\bin\zip.dll
0x00007ffdf78f0000 - 0x00007ffdf7900000 	C:\Users\isabe\.vscode\extensions\redhat.java-1.50.0-win32-x64\jre\21.0.9-win32-x86_64\bin\net.dll
0x00007ffe03790000 - 0x00007ffe038af000 	C:\WINDOWS\SYSTEM32\WINHTTP.dll
0x00007ffe07520000 - 0x00007ffe0758b000 	C:\WINDOWS\system32\mswsock.dll
0x00007ffddfac0000 - 0x00007ffddfad6000 	C:\Users\isabe\.vscode\extensions\redhat.java-1.50.0-win32-x64\jre\21.0.9-win32-x86_64\bin\nio.dll
0x00007ffdf77f0000 - 0x00007ffdf7800000 	c:\Users\isabe\.vscode\extensions\redhat.java-1.50.0-win32-x64\jre\21.0.9-win32-x86_64\bin\verify.dll

JVMTI agents:
c:\Users\isabe\.vscode\extensions\redhat.java-1.50.0-win32-x64\lombok\lombok-1.18.39-4050.jar path:c:\Users\isabe\.vscode\extensions\redhat.java-1.50.0-win32-x64\jre\21.0.9-win32-x86_64\bin\instrument.dll, loaded, initialized, instrumentlib options:none

dbghelp: loaded successfully - version: 4.0.5 - missing functions: none
symbol engine: initialized successfully - sym options: 0x614 - pdb path: .;c:\Users\isabe\.vscode\extensions\redhat.java-1.50.0-win32-x64\jre\21.0.9-win32-x86_64\bin;C:\WINDOWS\SYSTEM32;C:\WINDOWS\WinSxS\amd64_microsoft.windows.common-controls_6595b64144ccf1df_6.0.26100.6899_none_3e0efeeae32e88c1;c:\Users\isabe\.vscode\extensions\redhat.java-1.50.0-win32-x64\jre\21.0.9-win32-x86_64\bin\server

VM Arguments:
jvm_args: --add-modules=ALL-SYSTEM --add-opens=java.base/java.util=ALL-UNNAMED --add-opens=java.base/java.lang=ALL-UNNAMED --add-opens=java.base/sun.nio.fs=ALL-UNNAMED -Declipse.application=org.eclipse.jdt.ls.core.id1 -Dosgi.bundles.defaultStartLevel=4 -Declipse.product=org.eclipse.jdt.ls.core.product -Djava.import.generatesMetadataFilesAtProjectRoot=false -DDetectVMInstallationsJob.disabled=true -Dfile.encoding=utf8 -XX:+UseParallelGC -XX:GCTimeRatio=4 -XX:AdaptiveSizePolicyWeight=90 -Dsun.zip.disableMemoryMapping=true -Xmx2G -Xms100m -Xlog:disable -javaagent:c:\Users\isabe\.vscode\extensions\redhat.java-1.50.0-win32-x64\lombok\lombok-1.18.39-4050.jar 
java_command: c:\Users\isabe\.vscode\extensions\redhat.java-1.50.0-win32-x64\server\plugins\org.eclipse.equinox.launcher_1.7.100.v20251111-0406.jar -configuration c:\Users\isabe\AppData\Roaming\Code\User\globalStorage\redhat.java\1.50.0\config_ss_win -data c:\Users\isabe\AppData\Roaming\Code\User\workspaceStorage\bc0cf0d1bac61547f56c07ea28b60efe\redhat.java\ss_ws --pipe=\\.\pipe\lsp-b0ce35b5a0155872aa15dccd53f9690d-sock
java_class_path (initial): c:\Users\isabe\.vscode\extensions\redhat.java-1.50.0-win32-x64\server\plugins\org.eclipse.equinox.launcher_1.7.100.v20251111-0406.jar
Launcher Type: SUN_STANDARD

[Global flags]
    uintx AdaptiveSizePolicyWeight                 = 90                                        {product} {command line}
     intx CICompilerCount                          = 4                                         {product} {ergonomic}
    uintx GCTimeRatio                              = 4                                         {product} {command line}
   size_t InitialHeapSize                          = 104857600                                 {product} {command line}
   size_t MaxHeapSize                              = 2147483648                                {product} {command line}
   size_t MaxNewSize                               = 715653120                                 {product} {ergonomic}
   size_t MinHeapDeltaBytes                        = 524288                                    {product} {ergonomic}
   size_t MinHeapSize                              = 104857600                                 {product} {command line}
   size_t NewSize                                  = 34603008                                  {product} {ergonomic}
    uintx NonNMethodCodeHeapSize                   = 5839372                                {pd product} {ergonomic}
    uintx NonProfiledCodeHeapSize                  = 122909434                              {pd product} {ergonomic}
   size_t OldSize                                  = 70254592                                  {product} {ergonomic}
    uintx ProfiledCodeHeapSize                     = 122909434                              {pd product} {ergonomic}
    uintx ReservedCodeCacheSize                    = 251658240                              {pd product} {ergonomic}
     bool SegmentedCodeCache                       = true                                      {product} {ergonomic}
   size_t SoftMaxHeapSize                          = 2147483648                             {manageable} {ergonomic}
     bool UseCompressedOops                        = true                           {product lp64_product} {ergonomic}
     bool UseLargePagesIndividualAllocation        = false                                  {pd product} {ergonomic}
     bool UseParallelGC                            = true                                      {product} {command line}

Logging:
Log output configuration:
 #0: stdout all=off uptime,level,tags foldmultilines=false
 #1: stderr all=off uptime,level,tags foldmultilines=false

Release file:
JAVA_VERSION="21.0.9" 
MODULES="java.base java.compiler java.datatransfer java.xml java.prefs java.desktop java.instrument java.logging java.management java.security.sasl java.naming java.rmi java.management.rmi java.net.http java.scripting java.security.jgss java.transaction.xa java.sql java.sql.rowset java.xml.crypto java.se java.smartcardio jdk.accessibility jdk.internal.jvmstat jdk.attach jdk.charsets jdk.internal.opt jdk.zipfs jdk.compiler jdk.crypto.ec jdk.crypto.cryptoki jdk.crypto.mscapi jdk.dynalink jdk.internal.ed jdk.editpad jdk.hotspot.agent jdk.httpserver jdk.internal.le jdk.internal.vm.ci jdk.internal.vm.compiler jdk.internal.vm.compiler.management jdk.jartool jdk.javadoc jdk.jcmd jdk.management jdk.management.agent jdk.jconsole jdk.jdeps jdk.jdwp.agent jdk.jdi jdk.jfr jdk.jshell jdk.jsobject jdk.jstatd jdk.localedata jdk.management.jfr jdk.naming.dns jdk.naming.rmi jdk.net jdk.nio.mapmode jdk.random jdk.sctp jdk.security.auth jdk.security.jgss jdk.unsupported jdk.unsupported.desktop jdk.xml.dom" 

Environment Variables:
PATH=C:\Program Files\Common Files\Oracle\Java\javapath;C:\WINDOWS\system32;C:\WINDOWS;C:\WINDOWS\System32\Wbem;C:\WINDOWS\System32\WindowsPowerShell\v1.0\;C:\WINDOWS\System32\OpenSSH\;C:\Program Files\dotnet\;C:\ProgramData\UNIVALI\Portugol Studio;C:\Program Files\Git\cmd;C:\Program Files (x86)\Microsoft SQL Server\160\DTS\Binn\;C:\Program Files\Microsoft SQL Server\150\Tools\Binn\;C:\Program Files\Microsoft SQL Server\Client SDK\ODBC\170\Tools\Binn\;C:\Users\isabe\OneDrive\Área de Trabalho\python\ai-dashboard\sqlite-tools-win-x64-3470000;C:\Program Files\Microsoft SQL Server\160\Tools\Binn\;C:\Program Files (x86)\Microsoft SQL Server\160\Tools\Binn\;C:\Program Files\Microsoft SQL Server\160\DTS\Binn\;C:\apache-maven-3.9.9\bin;C:\Program Files (x86)\Windows Kits\10\Windows Performance Toolkit\;c:\Program Files\nodejs\;C:\Users\isabe\AppData\Local\Programs\Python\Python312\Scripts\;C:\Users\isabe\AppData\Local\Programs\Python\Python312\;C:\Users\isabe\AppData\Local\Programs\Python\Launcher\;C:\Users\isabe\AppData\Local\Microsoft\WindowsApps;C:\Users\isabe\AppData\Local\Programs\Microsoft VS Code\bin;C:\Program Files\Java\jdk-19\bin;C:\apache-maven-3.9.9-bin;C:\Users\isabe\.dotnet\tools;C:\Program Files\MySQL\MySQL Server 8.0\bin;C:\Users\isabe\AppData\Local\Programs\cursor\resources\app\bin;C:\Users\isabe\AppData\Roaming\npm
USERNAME=isabe
OS=Windows_NT
PROCESSOR_IDENTIFIER=AMD64 Family 23 Model 24 Stepping 1, AuthenticAMD
TMP=C:\Users\isabe\AppData\Local\Temp
TEMP=C:\Users\isabe\AppData\Local\Temp




Periodic native trim disabled

---------------  S Y S T E M  ---------------

OS:
 Windows 11 , 64 bit Build 26100 (10.0.26100.6725)
OS uptime: 21 days 17:38 hours

CPU: total 8 (initial active 8) (8 cores per cpu, 2 threads per core) family 23 model 24 stepping 1 microcode 0x810810d, cx8, cmov, fxsr, ht, mmx, 3dnowpref, sse, sse2, sse3, ssse3, sse4a, sse4.1, sse4.2, popcnt, lzcnt, tsc, tscinvbit, avx, avx2, aes, clmul, bmi1, bmi2, adx, sha, fma, vzeroupper, clflush, clflushopt, rdtscp, f16c
Processor Information for the first 8 processors :
  Max Mhz: 2100, Current Mhz: 2100, Mhz Limit: 2100

Memory: 4k page, system-wide physical 6030M (299M free)
TotalPageFile size 24462M (AvailPageFile size 19M)
current process WorkingSet (physical memory assigned to process): 85M, peak: 85M
current process commit charge ("private bytes"): 237M, peak: 237M

vm_info: OpenJDK 64-Bit Server VM (21.0.9+10-LTS) for windows-amd64 JRE (21.0.9+10-LTS), built on 2025-10-21T00:00:00Z by "admin" with unknown MS VC++:1942

END.
